# JRE version: OpenJDK Runtime Environment (8.0_202-b03) (build 1.8.0_202-release-1483-b03)
# Java VM: OpenJDK 64-Bit Server VM (25.202-b03 mixed mode windows-amd64 compressed oops)
Heap:
 PSYoungGen      total 188928K, used 136608K [0x00000000e0000000, 0x00000000edc80000, 0x0000000100000000)
  eden space 175104K, 78% used [0x00000000e0000000,0x00000000e8568188,0x00000000eab00000)
  from space 13824K, 0% used [0x00000000eb880000,0x00000000eb880000,0x00000000ec600000)
  to   space 13824K, 0% used [0x00000000eab00000,0x00000000eab00000,0x00000000eb880000)
 ParOldGen       total 82432K, used 15862K [0x00000000a0000000, 0x00000000a5080000, 0x00000000e0000000)
  object space 82432K, 19% used [0x00000000a0000000,0x00000000a0f7da48,0x00000000a5080000)
 Metaspace       used 46257K, capacity 47260K, committed 47448K, reserved 1089536K
  class space    used 6223K, capacity 6501K, committed 6528K, reserved 1048576K
GC Heap History (10 events):
Event: 9.332 GC heap before
{Heap before GC invocations=6 (full 1):
 PSYoungGen      total 68608K, used 5092K [0x00000000e0000000, 0x00000000e9400000, 0x0000000100000000)
  eden space 63488K, 0% used [0x00000000e0000000,0x00000000e0000000,0x00000000e3e00000)
  from space 5120K, 99% used [0x00000000e3e00000,0x00000000e42f9050,0x00000000e4300000)
  to   space 12288K, 0% used [0x00000000e8800000,0x00000000e8800000,0x00000000e9400000)
 ParOldGen       total 84992K, used 10315K [0x00000000a0000000, 0x00000000a5300000, 0x00000000e0000000)
  object space 84992K, 12% used [0x00000000a0000000,0x00000000a0a12d88,0x00000000a5300000)
 Metaspace       used 20755K, capacity 21108K, committed 21248K, reserved 1067008K
  class space    used 2916K, capacity 3062K, committed 3072K, reserved 1048576K
Event: 9.384 GC heap after
Heap after GC invocations=6 (full 1):
 PSYoungGen      total 68608K, used 0K [0x00000000e0000000, 0x00000000e9400000, 0x0000000100000000)
  eden space 63488K, 0% used [0x00000000e0000000,0x00000000e0000000,0x00000000e3e00000)
  from space 5120K, 0% used [0x00000000e3e00000,0x00000000e3e00000,0x00000000e4300000)
  to   space 12288K, 0% used [0x00000000e8800000,0x00000000e8800000,0x00000000e9400000)
 ParOldGen       total 58880K, used 11213K [0x00000000a0000000, 0x00000000a3980000, 0x00000000e0000000)
  object space 58880K, 19% used [0x00000000a0000000,0x00000000a0af3528,0x00000000a3980000)
 Metaspace       used 20755K, capacity 21108K, committed 21248K, reserved 1067008K
  class space    used 2916K, capacity 3062K, committed 3072K, reserved 1048576K
}
Event: 13.629 GC heap before
{Heap before GC invocations=7 (full 1):
 PSYoungGen      total 68608K, used 63488K [0x00000000e0000000, 0x00000000e9400000, 0x0000000100000000)
  eden space 63488K, 100% used [0x00000000e0000000,0x00000000e3e00000,0x00000000e3e00000)
  from space 5120K, 0% used [0x00000000e3e00000,0x00000000e3e00000,0x00000000e4300000)
  to   space 12288K, 0% used [0x00000000e8800000,0x00000000e8800000,0x00000000e9400000)
 ParOldGen       total 58880K, used 11213K [0x00000000a0000000, 0x00000000a3980000, 0x00000000e0000000)
  object space 58880K, 19% used [0x00000000a0000000,0x00000000a0af3528,0x00000000a3980000)
 Metaspace       used 28555K, capacity 29038K, committed 29440K, reserved 1075200K
  class space    used 3854K, capacity 4009K, committed 4096K, reserved 1048576K
Event: 13.650 GC heap after
Heap after GC invocations=7 (full 1):
 PSYoungGen      total 113664K, used 7596K [0x00000000e0000000, 0x00000000e8f80000, 0x0000000100000000)
  eden space 105984K, 0% used [0x00000000e0000000,0x00000000e0000000,0x00000000e6780000)
  from space 7680K, 98% used [0x00000000e8800000,0x00000000e8f6b0e0,0x00000000e8f80000)
  to   space 11776K, 0% used [0x00000000e7880000,0x00000000e7880000,0x00000000e8400000)
 ParOldGen       total 58880K, used 11221K [0x00000000a0000000, 0x00000000a3980000, 0x00000000e0000000)
  object space 58880K, 19% used [0x00000000a0000000,0x00000000a0af5528,0x00000000a3980000)
 Metaspace       used 28555K, capacity 29038K, committed 29440K, reserved 1075200K
  class space    used 3854K, capacity 4009K, committed 4096K, reserved 1048576K
}
Event: 16.816 GC heap before
{Heap before GC invocations=8 (full 1):
 PSYoungGen      total 113664K, used 113580K [0x00000000e0000000, 0x00000000e8f80000, 0x0000000100000000)
  eden space 105984K, 100% used [0x00000000e0000000,0x00000000e6780000,0x00000000e6780000)
  from space 7680K, 98% used [0x00000000e8800000,0x00000000e8f6b0e0,0x00000000e8f80000)
  to   space 11776K, 0% used [0x00000000e7880000,0x00000000e7880000,0x00000000e8400000)
 ParOldGen       total 58880K, used 11221K [0x00000000a0000000, 0x00000000a3980000, 0x00000000e0000000)
  object space 58880K, 19% used [0x00000000a0000000,0x00000000a0af5528,0x00000000a3980000)
 Metaspace       used 33740K, capacity 34384K, committed 34560K, reserved 1079296K
  class space    used 4638K, capacity 4817K, committed 4864K, reserved 1048576K
Event: 16.843 GC heap after
Heap after GC invocations=8 (full 1):
 PSYoungGen      total 135168K, used 11693K [0x00000000e0000000, 0x00000000ec600000, 0x0000000100000000)
  eden space 123392K, 0% used [0x00000000e0000000,0x00000000e0000000,0x00000000e7880000)
  from space 11776K, 99% used [0x00000000e7880000,0x00000000e83eb528,0x00000000e8400000)
  to   space 13824K, 0% used [0x00000000eb880000,0x00000000eb880000,0x00000000ec600000)
 ParOldGen       total 58880K, used 11229K [0x00000000a0000000, 0x00000000a3980000, 0x00000000e0000000)
  object space 58880K, 19% used [0x00000000a0000000,0x00000000a0af7528,0x00000000a3980000)
 Metaspace       used 33740K, capacity 34384K, committed 34560K, reserved 1079296K
  class space    used 4638K, capacity 4817K, committed 4864K, reserved 1048576K
}
Event: 21.282 GC heap before
{Heap before GC invocations=9 (full 1):
 PSYoungGen      total 135168K, used 32138K [0x00000000e0000000, 0x00000000ec600000, 0x0000000100000000)
  eden space 123392K, 16% used [0x00000000e0000000,0x00000000e13f7370,0x00000000e7880000)
  from space 11776K, 99% used [0x00000000e7880000,0x00000000e83eb528,0x00000000e8400000)
  to   space 13824K, 0% used [0x00000000eb880000,0x00000000eb880000,0x00000000ec600000)
 ParOldGen       total 58880K, used 11229K [0x00000000a0000000, 0x00000000a3980000, 0x00000000e0000000)
  object space 58880K, 19% used [0x00000000a0000000,0x00000000a0af7528,0x00000000a3980000)
 Metaspace       used 34585K, capacity 35252K, committed 35416K, reserved 1079296K
  class space    used 4754K, capacity 4935K, committed 4992K, reserved 1048576K
Event: 21.294 GC heap after
Heap after GC invocations=9 (full 1):
 PSYoungGen      total 188928K, used 9065K [0x00000000e0000000, 0x00000000edc80000, 0x0000000100000000)
  eden space 175104K, 0% used [0x00000000e0000000,0x00000000e0000000,0x00000000eab00000)
  from space 13824K, 65% used [0x00000000eb880000,0x00000000ec15a438,0x00000000ec600000)
  to   space 13824K, 0% used [0x00000000eab00000,0x00000000eab00000,0x00000000eb880000)
 ParOldGen       total 58880K, used 11237K [0x00000000a0000000, 0x00000000a3980000, 0x00000000e0000000)
  object space 58880K, 19% used [0x00000000a0000000,0x00000000a0af9528,0x00000000a3980000)
 Metaspace       used 34585K, capacity 35252K, committed 35416K, reserved 1079296K
  class space    used 4754K, capacity 4935K, committed 4992K, reserved 1048576K
}
Event: 21.294 GC heap before
{Heap before GC invocations=10 (full 2):
 PSYoungGen      total 188928K, used 9065K [0x00000000e0000000, 0x00000000edc80000, 0x0000000100000000)
  eden space 175104K, 0% used [0x00000000e0000000,0x00000000e0000000,0x00000000eab00000)
  from space 13824K, 65% used [0x00000000eb880000,0x00000000ec15a438,0x00000000ec600000)
  to   space 13824K, 0% used [0x00000000eab00000,0x00000000eab00000,0x00000000eb880000)
 ParOldGen       total 58880K, used 11237K [0x00000000a0000000, 0x00000000a3980000, 0x00000000e0000000)
  object space 58880K, 19% used [0x00000000a0000000,0x00000000a0af9528,0x00000000a3980000)
 Metaspace       used 34585K, capacity 35252K, committed 35416K, reserved 1079296K
  class space    used 4754K, capacity 4935K, committed 4992K, reserved 1048576K
Event: 21.402 GC heap after
Heap after GC invocations=10 (full 2):
 PSYoungGen      total 188928K, used 0K [0x00000000e0000000, 0x00000000edc80000, 0x0000000100000000)
  eden space 175104K, 0% used [0x00000000e0000000,0x00000000e0000000,0x00000000eab00000)
  from space 13824K, 0% used [0x00000000eb880000,0x00000000eb880000,0x00000000ec600000)
  to   space 13824K, 0% used [0x00000000eab00000,0x00000000eab00000,0x00000000eb880000)
 ParOldGen       total 82432K, used 15862K [0x00000000a0000000, 0x00000000a5080000, 0x00000000e0000000)
  object space 82432K, 19% used [0x00000000a0000000,0x00000000a0f7da48,0x00000000a5080000)
 Metaspace       used 34582K, capacity 35240K, committed 35416K, reserved 1079296K
  class space    used 4752K, capacity 4933K, committed 4992K, reserved 1048576K
}

