# JRE version: OpenJDK Runtime Environment (8.0_202-b03) (build 1.8.0_202-release-1483-b03)
# Java VM: OpenJDK 64-Bit Server VM (25.202-b03 mixed mode windows-amd64 compressed oops)
Heap:
 PSYoungGen      total 297984K, used 114316K [0x00000000e0000000, 0x00000000f8b80000, 0x0000000100000000)
  eden space 275968K, 34% used [0x00000000e0000000,0x00000000e5c220c0,0x00000000f0d80000)
  from space 22016K, 90% used [0x00000000f0d80000,0x00000000f2101000,0x00000000f2300000)
  to   space 24576K, 0% used [0x00000000f7380000,0x00000000f7380000,0x00000000f8b80000)
 ParOldGen       total 101888K, used 32431K [0x00000000a0000000, 0x00000000a6380000, 0x00000000e0000000)
  object space 101888K, 31% used [0x00000000a0000000,0x00000000a1fabc08,0x00000000a6380000)
 Metaspace       used 66506K, capacity 68518K, committed 68696K, reserved 1110016K
  class space    used 8626K, capacity 9066K, committed 9088K, reserved 1048576K
GC Heap History (10 events):
Event: 14.791 GC heap before
{Heap before GC invocations=10 (full 2):
 PSYoungGen      total 210944K, used 8901K [0x00000000e0000000, 0x00000000ee500000, 0x0000000100000000)
  eden space 196608K, 0% used [0x00000000e0000000,0x00000000e0000000,0x00000000ec000000)
  from space 14336K, 62% used [0x00000000ecd80000,0x00000000ed631638,0x00000000edb80000)
  to   space 13824K, 0% used [0x00000000ec000000,0x00000000ec000000,0x00000000ecd80000)
 ParOldGen       total 54784K, used 12024K [0x00000000a0000000, 0x00000000a3580000, 0x00000000e0000000)
  object space 54784K, 21% used [0x00000000a0000000,0x00000000a0bbe080,0x00000000a3580000)
 Metaspace       used 34565K, capacity 35284K, committed 35416K, reserved 1079296K
  class space    used 4751K, capacity 4941K, committed 4992K, reserved 1048576K
Event: 14.870 GC heap after
Heap after GC invocations=10 (full 2):
 PSYoungGen      total 210944K, used 0K [0x00000000e0000000, 0x00000000ee500000, 0x0000000100000000)
  eden space 196608K, 0% used [0x00000000e0000000,0x00000000e0000000,0x00000000ec000000)
  from space 14336K, 0% used [0x00000000ecd80000,0x00000000ecd80000,0x00000000edb80000)
  to   space 13824K, 0% used [0x00000000ec000000,0x00000000ec000000,0x00000000ecd80000)
 ParOldGen       total 69120K, used 15615K [0x00000000a0000000, 0x00000000a4380000, 0x00000000e0000000)
  object space 69120K, 22% used [0x00000000a0000000,0x00000000a0f3ffc8,0x00000000a4380000)
 Metaspace       used 34551K, capacity 35236K, committed 35416K, reserved 1079296K
  class space    used 4746K, capacity 4933K, committed 4992K, reserved 1048576K
}
Event: 20.898 GC heap before
{Heap before GC invocations=11 (full 2):
 PSYoungGen      total 210944K, used 196608K [0x00000000e0000000, 0x00000000ee500000, 0x0000000100000000)
  eden space 196608K, 100% used [0x00000000e0000000,0x00000000ec000000,0x00000000ec000000)
  from space 14336K, 0% used [0x00000000ecd80000,0x00000000ecd80000,0x00000000edb80000)
  to   space 13824K, 0% used [0x00000000ec000000,0x00000000ec000000,0x00000000ecd80000)
 ParOldGen       total 69120K, used 15615K [0x00000000a0000000, 0x00000000a4380000, 0x00000000e0000000)
  object space 69120K, 22% used [0x00000000a0000000,0x00000000a0f3ffc8,0x00000000a4380000)
 Metaspace       used 51970K, capacity 53308K, committed 53464K, reserved 1095680K
  class space    used 7026K, capacity 7395K, committed 7424K, reserved 1048576K
Event: 20.916 GC heap after
Heap after GC invocations=11 (full 2):
 PSYoungGen      total 210432K, used 13815K [0x00000000e0000000, 0x00000000f3680000, 0x0000000100000000)
  eden space 196608K, 0% used [0x00000000e0000000,0x00000000e0000000,0x00000000ec000000)
  from space 13824K, 99% used [0x00000000ec000000,0x00000000ecd7dca0,0x00000000ecd80000)
  to   space 19968K, 0% used [0x00000000f2300000,0x00000000f2300000,0x00000000f3680000)
 ParOldGen       total 69120K, used 25933K [0x00000000a0000000, 0x00000000a4380000, 0x00000000e0000000)
  object space 69120K, 37% used [0x00000000a0000000,0x00000000a1953788,0x00000000a4380000)
 Metaspace       used 51970K, capacity 53308K, committed 53464K, reserved 1095680K
  class space    used 7026K, capacity 7395K, committed 7424K, reserved 1048576K
}
Event: 23.798 GC heap before
{Heap before GC invocations=12 (full 2):
 PSYoungGen      total 210432K, used 90775K [0x00000000e0000000, 0x00000000f3680000, 0x0000000100000000)
  eden space 196608K, 39% used [0x00000000e0000000,0x00000000e4b282f8,0x00000000ec000000)
  from space 13824K, 99% used [0x00000000ec000000,0x00000000ecd7dca0,0x00000000ecd80000)
  to   space 19968K, 0% used [0x00000000f2300000,0x00000000f2300000,0x00000000f3680000)
 ParOldGen       total 69120K, used 25933K [0x00000000a0000000, 0x00000000a4380000, 0x00000000e0000000)
  object space 69120K, 37% used [0x00000000a0000000,0x00000000a1953788,0x00000000a4380000)
 Metaspace       used 57372K, capacity 58960K, committed 59028K, reserved 1099776K
  class space    used 7733K, capacity 8125K, committed 8192K, reserved 1048576K
Event: 23.908 GC heap after
Heap after GC invocations=12 (full 2):
 PSYoungGen      total 295936K, used 18054K [0x00000000e0000000, 0x00000000f3e80000, 0x0000000100000000)
  eden space 275968K, 0% used [0x00000000e0000000,0x00000000e0000000,0x00000000f0d80000)
  from space 19968K, 90% used [0x00000000f2300000,0x00000000f34a1808,0x00000000f3680000)
  to   space 22016K, 0% used [0x00000000f0d80000,0x00000000f0d80000,0x00000000f2300000)
 ParOldGen       total 69120K, used 25941K [0x00000000a0000000, 0x00000000a4380000, 0x00000000e0000000)
  object space 69120K, 37% used [0x00000000a0000000,0x00000000a1955788,0x00000000a4380000)
 Metaspace       used 57372K, capacity 58960K, committed 59028K, reserved 1099776K
  class space    used 7733K, capacity 8125K, committed 8192K, reserved 1048576K
}
Event: 23.908 GC heap before
{Heap before GC invocations=13 (full 3):
 PSYoungGen      total 295936K, used 18054K [0x00000000e0000000, 0x00000000f3e80000, 0x0000000100000000)
  eden space 275968K, 0% used [0x00000000e0000000,0x00000000e0000000,0x00000000f0d80000)
  from space 19968K, 90% used [0x00000000f2300000,0x00000000f34a1808,0x00000000f3680000)
  to   space 22016K, 0% used [0x00000000f0d80000,0x00000000f0d80000,0x00000000f2300000)
 ParOldGen       total 69120K, used 25941K [0x00000000a0000000, 0x00000000a4380000, 0x00000000e0000000)
  object space 69120K, 37% used [0x00000000a0000000,0x00000000a1955788,0x00000000a4380000)
 Metaspace       used 57372K, capacity 58960K, committed 59028K, reserved 1099776K
  class space    used 7733K, capacity 8125K, committed 8192K, reserved 1048576K
Event: 24.304 GC heap after
Heap after GC invocations=13 (full 3):
 PSYoungGen      total 295936K, used 0K [0x00000000e0000000, 0x00000000f3e80000, 0x0000000100000000)
  eden space 275968K, 0% used [0x00000000e0000000,0x00000000e0000000,0x00000000f0d80000)
  from space 19968K, 0% used [0x00000000f2300000,0x00000000f2300000,0x00000000f3680000)
  to   space 22016K, 0% used [0x00000000f0d80000,0x00000000f0d80000,0x00000000f2300000)
 ParOldGen       total 101888K, used 32423K [0x00000000a0000000, 0x00000000a6380000, 0x00000000e0000000)
  object space 101888K, 31% used [0x00000000a0000000,0x00000000a1fa9c08,0x00000000a6380000)
 Metaspace       used 57372K, capacity 58960K, committed 59028K, reserved 1099776K
  class space    used 7733K, capacity 8125K, committed 8192K, reserved 1048576K
}
Event: 465.710 GC heap before
{Heap before GC invocations=14 (full 3):
 PSYoungGen      total 295936K, used 275968K [0x00000000e0000000, 0x00000000f3e80000, 0x0000000100000000)
  eden space 275968K, 100% used [0x00000000e0000000,0x00000000f0d80000,0x00000000f0d80000)
  from space 19968K, 0% used [0x00000000f2300000,0x00000000f2300000,0x00000000f3680000)
  to   space 22016K, 0% used [0x00000000f0d80000,0x00000000f0d80000,0x00000000f2300000)
 ParOldGen       total 101888K, used 32423K [0x00000000a0000000, 0x00000000a6380000, 0x00000000e0000000)
  object space 101888K, 31% used [0x00000000a0000000,0x00000000a1fa9c08,0x00000000a6380000)
 Metaspace       used 65364K, capacity 67324K, committed 67544K, reserved 1107968K
  class space    used 8507K, capacity 8951K, committed 8960K, reserved 1048576K
Event: 465.737 GC heap after
Heap after GC invocations=14 (full 3):
 PSYoungGen      total 297984K, used 19972K [0x00000000e0000000, 0x00000000f8b80000, 0x0000000100000000)
  eden space 275968K, 0% used [0x00000000e0000000,0x00000000e0000000,0x00000000f0d80000)
  from space 22016K, 90% used [0x00000000f0d80000,0x00000000f2101000,0x00000000f2300000)
  to   space 24576K, 0% used [0x00000000f7380000,0x00000000f7380000,0x00000000f8b80000)
 ParOldGen       total 101888K, used 32431K [0x00000000a0000000, 0x00000000a6380000, 0x00000000e0000000)
  object space 101888K, 31% used [0x00000000a0000000,0x00000000a1fabc08,0x00000000a6380000)
 Metaspace       used 65364K, capacity 67324K, committed 67544K, reserved 1107968K
  class space    used 8507K, capacity 8951K, committed 8960K, reserved 1048576K
}

