# JRE version: OpenJDK Runtime Environment (8.0_202-b03) (build 1.8.0_202-release-1483-b03)
# Java VM: OpenJDK 64-Bit Server VM (25.202-b03 mixed mode windows-amd64 compressed oops)
Heap:
 PSYoungGen      total 477184K, used 19823K [0x00000000e0000000, 0x00000000ffd80000, 0x0000000100000000)
  eden space 432128K, 2% used [0x00000000e0000000,0x00000000e0894ec0,0x00000000fa600000)
  from space 45056K, 24% used [0x00000000fd180000,0x00000000fdc46e28,0x00000000ffd80000)
  to   space 44544K, 0% used [0x00000000fa600000,0x00000000fa600000,0x00000000fd180000)
 ParOldGen       total 227840K, used 83191K [0x00000000a0000000, 0x00000000ade80000, 0x00000000e0000000)
  object space 227840K, 36% used [0x00000000a0000000,0x00000000a513df80,0x00000000ade80000)
 Metaspace       used 96971K, capacity 101442K, committed 101592K, reserved 1138688K
  class space    used 12357K, capacity 13214K, committed 13312K, reserved 1048576K
GC Heap History (10 events):
Event: 64.880 GC heap before
{Heap before GC invocations=24 (full 4):
 PSYoungGen      total 419840K, used 17073K [0x00000000e0000000, 0x00000000ff700000, 0x0000000100000000)
  eden space 365568K, 0% used [0x00000000e0000000,0x00000000e00b0560,0x00000000f6500000)
  from space 54272K, 30% used [0x00000000f6500000,0x00000000f74fbee0,0x00000000f9a00000)
  to   space 51712K, 0% used [0x00000000fc480000,0x00000000fc480000,0x00000000ff700000)
 ParOldGen       total 227840K, used 74285K [0x00000000a0000000, 0x00000000ade80000, 0x00000000e0000000)
  object space 227840K, 32% used [0x00000000a0000000,0x00000000a488b560,0x00000000ade80000)
 Metaspace       used 90321K, capacity 93986K, committed 94296K, reserved 1130496K
  class space    used 11873K, capacity 12594K, committed 12672K, reserved 1048576K
Event: 64.897 GC heap after
Heap after GC invocations=24 (full 4):
 PSYoungGen      total 465408K, used 16369K [0x00000000e0000000, 0x00000000ff980000, 0x0000000100000000)
  eden space 413696K, 0% used [0x00000000e0000000,0x00000000e0000000,0x00000000f9400000)
  from space 51712K, 31% used [0x00000000fc480000,0x00000000fd47c520,0x00000000ff700000)
  to   space 49664K, 0% used [0x00000000f9400000,0x00000000f9400000,0x00000000fc480000)
 ParOldGen       total 227840K, used 74293K [0x00000000a0000000, 0x00000000ade80000, 0x00000000e0000000)
  object space 227840K, 32% used [0x00000000a0000000,0x00000000a488d560,0x00000000ade80000)
 Metaspace       used 90321K, capacity 93986K, committed 94296K, reserved 1130496K
  class space    used 11873K, capacity 12594K, committed 12672K, reserved 1048576K
}
Event: 116.680 GC heap before
{Heap before GC invocations=25 (full 4):
 PSYoungGen      total 465408K, used 430065K [0x00000000e0000000, 0x00000000ff980000, 0x0000000100000000)
  eden space 413696K, 100% used [0x00000000e0000000,0x00000000f9400000,0x00000000f9400000)
  from space 51712K, 31% used [0x00000000fc480000,0x00000000fd47c520,0x00000000ff700000)
  to   space 49664K, 0% used [0x00000000f9400000,0x00000000f9400000,0x00000000fc480000)
 ParOldGen       total 227840K, used 74293K [0x00000000a0000000, 0x00000000ade80000, 0x00000000e0000000)
  object space 227840K, 32% used [0x00000000a0000000,0x00000000a488d560,0x00000000ade80000)
 Metaspace       used 94559K, capacity 98320K, committed 98392K, reserved 1134592K
  class space    used 12179K, capacity 12917K, committed 12928K, reserved 1048576K
Event: 116.722 GC heap after
Heap after GC invocations=25 (full 4):
 PSYoungGen      total 463360K, used 18465K [0x00000000e0000000, 0x00000000ff900000, 0x0000000100000000)
  eden space 413696K, 0% used [0x00000000e0000000,0x00000000e0000000,0x00000000f9400000)
  from space 49664K, 37% used [0x00000000f9400000,0x00000000fa6084d8,0x00000000fc480000)
  to   space 47104K, 0% used [0x00000000fcb00000,0x00000000fcb00000,0x00000000ff900000)
 ParOldGen       total 227840K, used 77934K [0x00000000a0000000, 0x00000000ade80000, 0x00000000e0000000)
  object space 227840K, 34% used [0x00000000a0000000,0x00000000a4c1b930,0x00000000ade80000)
 Metaspace       used 94559K, capacity 98320K, committed 98392K, reserved 1134592K
  class space    used 12179K, capacity 12917K, committed 12928K, reserved 1048576K
}
Event: 250.654 GC heap before
{Heap before GC invocations=26 (full 4):
 PSYoungGen      total 463360K, used 432161K [0x00000000e0000000, 0x00000000ff900000, 0x0000000100000000)
  eden space 413696K, 100% used [0x00000000e0000000,0x00000000f9400000,0x00000000f9400000)
  from space 49664K, 37% used [0x00000000f9400000,0x00000000fa6084d8,0x00000000fc480000)
  to   space 47104K, 0% used [0x00000000fcb00000,0x00000000fcb00000,0x00000000ff900000)
 ParOldGen       total 227840K, used 77934K [0x00000000a0000000, 0x00000000ade80000, 0x00000000e0000000)
  object space 227840K, 34% used [0x00000000a0000000,0x00000000a4c1b930,0x00000000ade80000)
 Metaspace       used 95810K, capacity 99792K, committed 99928K, reserved 1136640K
  class space    used 12274K, capacity 13069K, committed 13184K, reserved 1048576K
Event: 250.687 GC heap after
Heap after GC invocations=26 (full 4):
 PSYoungGen      total 471040K, used 25109K [0x00000000e0000000, 0x00000000ffb80000, 0x0000000100000000)
  eden space 423936K, 0% used [0x00000000e0000000,0x00000000e0000000,0x00000000f9e00000)
  from space 47104K, 53% used [0x00000000fcb00000,0x00000000fe385698,0x00000000ff900000)
  to   space 46080K, 0% used [0x00000000f9e00000,0x00000000f9e00000,0x00000000fcb00000)
 ParOldGen       total 227840K, used 79159K [0x00000000a0000000, 0x00000000ade80000, 0x00000000e0000000)
  object space 227840K, 34% used [0x00000000a0000000,0x00000000a4d4dc90,0x00000000ade80000)
 Metaspace       used 95810K, capacity 99792K, committed 99928K, reserved 1136640K
  class space    used 12274K, capacity 13069K, committed 13184K, reserved 1048576K
}
Event: 340.618 GC heap before
{Heap before GC invocations=27 (full 4):
 PSYoungGen      total 471040K, used 449045K [0x00000000e0000000, 0x00000000ffb80000, 0x0000000100000000)
  eden space 423936K, 100% used [0x00000000e0000000,0x00000000f9e00000,0x00000000f9e00000)
  from space 47104K, 53% used [0x00000000fcb00000,0x00000000fe385698,0x00000000ff900000)
  to   space 46080K, 0% used [0x00000000f9e00000,0x00000000f9e00000,0x00000000fcb00000)
 ParOldGen       total 227840K, used 79159K [0x00000000a0000000, 0x00000000ade80000, 0x00000000e0000000)
  object space 227840K, 34% used [0x00000000a0000000,0x00000000a4d4dc90,0x00000000ade80000)
 Metaspace       used 96457K, capacity 100590K, committed 100696K, reserved 1136640K
  class space    used 12307K, capacity 13126K, committed 13184K, reserved 1048576K
Event: 340.630 GC heap after
Heap after GC invocations=27 (full 4):
 PSYoungGen      total 470016K, used 9388K [0x00000000e0000000, 0x00000000ffe00000, 0x0000000100000000)
  eden space 423936K, 0% used [0x00000000e0000000,0x00000000e0000000,0x00000000f9e00000)
  from space 46080K, 20% used [0x00000000f9e00000,0x00000000fa72b360,0x00000000fcb00000)
  to   space 45568K, 0% used [0x00000000fd180000,0x00000000fd180000,0x00000000ffe00000)
 ParOldGen       total 227840K, used 79839K [0x00000000a0000000, 0x00000000ade80000, 0x00000000e0000000)
  object space 227840K, 35% used [0x00000000a0000000,0x00000000a4df7cb0,0x00000000ade80000)
 Metaspace       used 96457K, capacity 100590K, committed 100696K, reserved 1136640K
  class space    used 12307K, capacity 13126K, committed 13184K, reserved 1048576K
}
Event: 535.879 GC heap before
{Heap before GC invocations=28 (full 4):
 PSYoungGen      total 470016K, used 433324K [0x00000000e0000000, 0x00000000ffe00000, 0x0000000100000000)
  eden space 423936K, 100% used [0x00000000e0000000,0x00000000f9e00000,0x00000000f9e00000)
  from space 46080K, 20% used [0x00000000f9e00000,0x00000000fa72b360,0x00000000fcb00000)
  to   space 45568K, 0% used [0x00000000fd180000,0x00000000fd180000,0x00000000ffe00000)
 ParOldGen       total 227840K, used 79839K [0x00000000a0000000, 0x00000000ade80000, 0x00000000e0000000)
  object space 227840K, 35% used [0x00000000a0000000,0x00000000a4df7cb0,0x00000000ade80000)
 Metaspace       used 96966K, capacity 101442K, committed 101592K, reserved 1138688K
  class space    used 12356K, capacity 13214K, committed 13312K, reserved 1048576K
Event: 535.893 GC heap after
Heap after GC invocations=28 (full 4):
 PSYoungGen      total 477184K, used 11035K [0x00000000e0000000, 0x00000000ffd80000, 0x0000000100000000)
  eden space 432128K, 0% used [0x00000000e0000000,0x00000000e0000000,0x00000000fa600000)
  from space 45056K, 24% used [0x00000000fd180000,0x00000000fdc46e28,0x00000000ffd80000)
  to   space 44544K, 0% used [0x00000000fa600000,0x00000000fa600000,0x00000000fd180000)
 ParOldGen       total 227840K, used 83191K [0x00000000a0000000, 0x00000000ade80000, 0x00000000e0000000)
  object space 227840K, 36% used [0x00000000a0000000,0x00000000a513df80,0x00000000ade80000)
 Metaspace       used 96966K, capacity 101442K, committed 101592K, reserved 1138688K
  class space    used 12356K, capacity 13214K, committed 13312K, reserved 1048576K
}

