# JRE version: OpenJDK Runtime Environment (8.0_202-b03) (build 1.8.0_202-release-1483-b03)
# Java VM: OpenJDK 64-Bit Server VM (25.202-b03 mixed mode windows-amd64 compressed oops)
Heap:
 PSYoungGen      total 232448K, used 136217K [0x00000000e0000000, 0x00000000ef300000, 0x0000000100000000)
  eden space 216064K, 63% used [0x00000000e0000000,0x00000000e8506580,0x00000000ed300000)
  from space 16384K, 0% used [0x00000000ee300000,0x00000000ee300000,0x00000000ef300000)
  to   space 16384K, 0% used [0x00000000ed300000,0x00000000ed300000,0x00000000ee300000)
 ParOldGen       total 89088K, used 17962K [0x00000000a0000000, 0x00000000a5700000, 0x00000000e0000000)
  object space 89088K, 20% used [0x00000000a0000000,0x00000000a118a8c0,0x00000000a5700000)
 Metaspace       used 46059K, capacity 47062K, committed 47448K, reserved 1089536K
  class space    used 6188K, capacity 6456K, committed 6528K, reserved 1048576K
GC Heap History (10 events):
Event: 2.007 GC heap before
{Heap before GC invocations=4 (full 0):
 PSYoungGen      total 68608K, used 61449K [0x00000000e0000000, 0x00000000e8600000, 0x0000000100000000)
  eden space 63488K, 88% used [0x00000000e0000000,0x00000000e3707ea8,0x00000000e3e00000)
  from space 5120K, 99% used [0x00000000e3e00000,0x00000000e42fa820,0x00000000e4300000)
  to   space 5120K, 0% used [0x00000000e8100000,0x00000000e8100000,0x00000000e8600000)
 ParOldGen       total 84992K, used 4434K [0x00000000a0000000, 0x00000000a5300000, 0x00000000e0000000)
  object space 84992K, 5% used [0x00000000a0000000,0x00000000a0454838,0x00000000a5300000)
 Metaspace       used 20745K, capacity 21104K, committed 21248K, reserved 1067008K
  class space    used 2918K, capacity 3062K, committed 3072K, reserved 1048576K
Event: 2.031 GC heap after
Heap after GC invocations=4 (full 0):
 PSYoungGen      total 132096K, used 5109K [0x00000000e0000000, 0x00000000e8600000, 0x0000000100000000)
  eden space 126976K, 0% used [0x00000000e0000000,0x00000000e0000000,0x00000000e7c00000)
  from space 5120K, 99% used [0x00000000e8100000,0x00000000e85fd5c0,0x00000000e8600000)
  to   space 5120K, 0% used [0x00000000e7c00000,0x00000000e7c00000,0x00000000e8100000)
 ParOldGen       total 84992K, used 11255K [0x00000000a0000000, 0x00000000a5300000, 0x00000000e0000000)
  object space 84992K, 13% used [0x00000000a0000000,0x00000000a0afdc20,0x00000000a5300000)
 Metaspace       used 20745K, capacity 21104K, committed 21248K, reserved 1067008K
  class space    used 2918K, capacity 3062K, committed 3072K, reserved 1048576K
}
Event: 2.031 GC heap before
{Heap before GC invocations=5 (full 1):
 PSYoungGen      total 132096K, used 5109K [0x00000000e0000000, 0x00000000e8600000, 0x0000000100000000)
  eden space 126976K, 0% used [0x00000000e0000000,0x00000000e0000000,0x00000000e7c00000)
  from space 5120K, 99% used [0x00000000e8100000,0x00000000e85fd5c0,0x00000000e8600000)
  to   space 5120K, 0% used [0x00000000e7c00000,0x00000000e7c00000,0x00000000e8100000)
 ParOldGen       total 84992K, used 11255K [0x00000000a0000000, 0x00000000a5300000, 0x00000000e0000000)
  object space 84992K, 13% used [0x00000000a0000000,0x00000000a0afdc20,0x00000000a5300000)
 Metaspace       used 20745K, capacity 21104K, committed 21248K, reserved 1067008K
  class space    used 2918K, capacity 3062K, committed 3072K, reserved 1048576K
Event: 2.070 GC heap after
Heap after GC invocations=5 (full 1):
 PSYoungGen      total 132096K, used 0K [0x00000000e0000000, 0x00000000e8600000, 0x0000000100000000)
  eden space 126976K, 0% used [0x00000000e0000000,0x00000000e0000000,0x00000000e7c00000)
  from space 5120K, 0% used [0x00000000e8100000,0x00000000e8100000,0x00000000e8600000)
  to   space 5120K, 0% used [0x00000000e7c00000,0x00000000e7c00000,0x00000000e8100000)
 ParOldGen       total 62464K, used 11571K [0x00000000a0000000, 0x00000000a3d00000, 0x00000000e0000000)
  object space 62464K, 18% used [0x00000000a0000000,0x00000000a0b4cec0,0x00000000a3d00000)
 Metaspace       used 20745K, capacity 21104K, committed 21248K, reserved 1067008K
  class space    used 2918K, capacity 3062K, committed 3072K, reserved 1048576K
}
Event: 3.230 GC heap before
{Heap before GC invocations=6 (full 1):
 PSYoungGen      total 132096K, used 126976K [0x00000000e0000000, 0x00000000e8600000, 0x0000000100000000)
  eden space 126976K, 100% used [0x00000000e0000000,0x00000000e7c00000,0x00000000e7c00000)
  from space 5120K, 0% used [0x00000000e8100000,0x00000000e8100000,0x00000000e8600000)
  to   space 5120K, 0% used [0x00000000e7c00000,0x00000000e7c00000,0x00000000e8100000)
 ParOldGen       total 62464K, used 11571K [0x00000000a0000000, 0x00000000a3d00000, 0x00000000e0000000)
  object space 62464K, 18% used [0x00000000a0000000,0x00000000a0b4cec0,0x00000000a3d00000)
 Metaspace       used 31227K, capacity 31720K, committed 32128K, reserved 1077248K
  class space    used 4293K, capacity 4435K, committed 4480K, reserved 1048576K
Event: 3.305 GC heap after
Heap after GC invocations=6 (full 1):
 PSYoungGen      total 132096K, used 5120K [0x00000000e0000000, 0x00000000ef300000, 0x0000000100000000)
  eden space 126976K, 0% used [0x00000000e0000000,0x00000000e0000000,0x00000000e7c00000)
  from space 5120K, 100% used [0x00000000e7c00000,0x00000000e8100000,0x00000000e8100000)
  to   space 16384K, 0% used [0x00000000ee300000,0x00000000ee300000,0x00000000ef300000)
 ParOldGen       total 62464K, used 18891K [0x00000000a0000000, 0x00000000a3d00000, 0x00000000e0000000)
  object space 62464K, 30% used [0x00000000a0000000,0x00000000a1272dc8,0x00000000a3d00000)
 Metaspace       used 31227K, capacity 31720K, committed 32128K, reserved 1077248K
  class space    used 4293K, capacity 4435K, committed 4480K, reserved 1048576K
}
Event: 3.932 GC heap before
{Heap before GC invocations=7 (full 1):
 PSYoungGen      total 132096K, used 71858K [0x00000000e0000000, 0x00000000ef300000, 0x0000000100000000)
  eden space 126976K, 52% used [0x00000000e0000000,0x00000000e412c8a8,0x00000000e7c00000)
  from space 5120K, 100% used [0x00000000e7c00000,0x00000000e8100000,0x00000000e8100000)
  to   space 16384K, 0% used [0x00000000ee300000,0x00000000ee300000,0x00000000ef300000)
 ParOldGen       total 62464K, used 18891K [0x00000000a0000000, 0x00000000a3d00000, 0x00000000e0000000)
  object space 62464K, 30% used [0x00000000a0000000,0x00000000a1272dc8,0x00000000a3d00000)
 Metaspace       used 34548K, capacity 35256K, committed 35416K, reserved 1079296K
  class space    used 4742K, capacity 4935K, committed 4992K, reserved 1048576K
Event: 3.961 GC heap after
Heap after GC invocations=7 (full 1):
 PSYoungGen      total 232448K, used 10782K [0x00000000e0000000, 0x00000000ef300000, 0x0000000100000000)
  eden space 216064K, 0% used [0x00000000e0000000,0x00000000e0000000,0x00000000ed300000)
  from space 16384K, 65% used [0x00000000ee300000,0x00000000eed87880,0x00000000ef300000)
  to   space 16384K, 0% used [0x00000000ed300000,0x00000000ed300000,0x00000000ee300000)
 ParOldGen       total 62464K, used 18899K [0x00000000a0000000, 0x00000000a3d00000, 0x00000000e0000000)
  object space 62464K, 30% used [0x00000000a0000000,0x00000000a1274dc8,0x00000000a3d00000)
 Metaspace       used 34548K, capacity 35256K, committed 35416K, reserved 1079296K
  class space    used 4742K, capacity 4935K, committed 4992K, reserved 1048576K
}
Event: 3.961 GC heap before
{Heap before GC invocations=8 (full 2):
 PSYoungGen      total 232448K, used 10782K [0x00000000e0000000, 0x00000000ef300000, 0x0000000100000000)
  eden space 216064K, 0% used [0x00000000e0000000,0x00000000e0000000,0x00000000ed300000)
  from space 16384K, 65% used [0x00000000ee300000,0x00000000eed87880,0x00000000ef300000)
  to   space 16384K, 0% used [0x00000000ed300000,0x00000000ed300000,0x00000000ee300000)
 ParOldGen       total 62464K, used 18899K [0x00000000a0000000, 0x00000000a3d00000, 0x00000000e0000000)
  object space 62464K, 30% used [0x00000000a0000000,0x00000000a1274dc8,0x00000000a3d00000)
 Metaspace       used 34548K, capacity 35256K, committed 35416K, reserved 1079296K
  class space    used 4742K, capacity 4935K, committed 4992K, reserved 1048576K
Event: 4.051 GC heap after
Heap after GC invocations=8 (full 2):
 PSYoungGen      total 232448K, used 0K [0x00000000e0000000, 0x00000000ef300000, 0x0000000100000000)
  eden space 216064K, 0% used [0x00000000e0000000,0x00000000e0000000,0x00000000ed300000)
  from space 16384K, 0% used [0x00000000ee300000,0x00000000ee300000,0x00000000ef300000)
  to   space 16384K, 0% used [0x00000000ed300000,0x00000000ed300000,0x00000000ee300000)
 ParOldGen       total 89088K, used 17962K [0x00000000a0000000, 0x00000000a5700000, 0x00000000e0000000)
  object space 89088K, 20% used [0x00000000a0000000,0x00000000a118a8c0,0x00000000a5700000)
 Metaspace       used 34544K, capacity 35244K, committed 35416K, reserved 1079296K
  class space    used 4741K, capacity 4933K, committed 4992K, reserved 1048576K
}

