# JRE version: OpenJDK Runtime Environment (8.0_202-b03) (build 1.8.0_202-release-1483-b03)
# Java VM: OpenJDK 64-Bit Server VM (25.202-b03 mixed mode windows-amd64 compressed oops)
Heap:
 PSYoungGen      total 91136K, used 59231K [0x00000000d6e00000, 0x00000000ddd80000, 0x0000000100000000)
  eden space 76288K, 58% used [0x00000000d6e00000,0x00000000d9958100,0x00000000db880000)
  from space 14848K, 99% used [0x00000000dc980000,0x00000000dd7ffdc8,0x00000000dd800000)
  to   space 17408K, 0% used [0x00000000db880000,0x00000000db880000,0x00000000dc980000)
 ParOldGen       total 113664K, used 20344K [0x0000000084a00000, 0x000000008b900000, 0x00000000d6e00000)
  object space 113664K, 17% used [0x0000000084a00000,0x0000000085dde330,0x000000008b900000)
 Metaspace       used 46556K, capacity 47386K, committed 47488K, reserved 1091584K
  class space    used 5759K, capacity 5995K, committed 6016K, reserved 1048576K
GC Heap History (10 events):
Event: 2.270 GC heap before
{Heap before GC invocations=6 (full 1):
 PSYoungGen      total 47104K, used 47079K [0x00000000d6e00000, 0x00000000db600000, 0x0000000100000000)
  eden space 41984K, 100% used [0x00000000d6e00000,0x00000000d9700000,0x00000000d9700000)
  from space 5120K, 99% used [0x00000000db100000,0x00000000db5f9f08,0x00000000db600000)
  to   space 5120K, 0% used [0x00000000dac00000,0x00000000dac00000,0x00000000db100000)
 ParOldGen       total 68096K, used 11035K [0x0000000084a00000, 0x0000000088c80000, 0x00000000d6e00000)
  object space 68096K, 16% used [0x0000000084a00000,0x00000000854c6ff8,0x0000000088c80000)
 Metaspace       used 30857K, capacity 31312K, committed 31488K, reserved 1077248K
  class space    used 3940K, capacity 4092K, committed 4096K, reserved 1048576K
Event: 2.282 GC heap after
Heap after GC invocations=6 (full 1):
 PSYoungGen      total 60928K, used 5090K [0x00000000d6e00000, 0x00000000dc280000, 0x0000000100000000)
  eden space 55808K, 0% used [0x00000000d6e00000,0x00000000d6e00000,0x00000000da480000)
  from space 5120K, 99% used [0x00000000dac00000,0x00000000db0f8908,0x00000000db100000)
  to   space 15360K, 0% used [0x00000000db380000,0x00000000db380000,0x00000000dc280000)
 ParOldGen       total 68096K, used 21835K [0x0000000084a00000, 0x0000000088c80000, 0x00000000d6e00000)
  object space 68096K, 32% used [0x0000000084a00000,0x0000000085f52e58,0x0000000088c80000)
 Metaspace       used 30857K, capacity 31312K, committed 31488K, reserved 1077248K
  class space    used 3940K, capacity 4092K, committed 4096K, reserved 1048576K
}
Event: 2.723 GC heap before
{Heap before GC invocations=7 (full 1):
 PSYoungGen      total 60928K, used 24983K [0x00000000d6e00000, 0x00000000dc280000, 0x0000000100000000)
  eden space 55808K, 35% used [0x00000000d6e00000,0x00000000d816d658,0x00000000da480000)
  from space 5120K, 99% used [0x00000000dac00000,0x00000000db0f8908,0x00000000db100000)
  to   space 15360K, 0% used [0x00000000db380000,0x00000000db380000,0x00000000dc280000)
 ParOldGen       total 68096K, used 21835K [0x0000000084a00000, 0x0000000088c80000, 0x00000000d6e00000)
  object space 68096K, 32% used [0x0000000084a00000,0x0000000085f52e58,0x0000000088c80000)
 Metaspace       used 34805K, capacity 35340K, committed 35496K, reserved 1081344K
  class space    used 4440K, capacity 4602K, committed 4608K, reserved 1048576K
Event: 2.762 GC heap after
Heap after GC invocations=7 (full 1):
 PSYoungGen      total 71680K, used 10350K [0x00000000d6e00000, 0x00000000ddc00000, 0x0000000100000000)
  eden space 56320K, 0% used [0x00000000d6e00000,0x00000000d6e00000,0x00000000da500000)
  from space 15360K, 67% used [0x00000000db380000,0x00000000dbd9b848,0x00000000dc280000)
  to   space 14848K, 0% used [0x00000000da500000,0x00000000da500000,0x00000000db380000)
 ParOldGen       total 68096K, used 21843K [0x0000000084a00000, 0x0000000088c80000, 0x00000000d6e00000)
  object space 68096K, 32% used [0x0000000084a00000,0x0000000085f54e58,0x0000000088c80000)
 Metaspace       used 34805K, capacity 35340K, committed 35496K, reserved 1081344K
  class space    used 4440K, capacity 4602K, committed 4608K, reserved 1048576K
}
Event: 2.762 GC heap before
{Heap before GC invocations=8 (full 2):
 PSYoungGen      total 71680K, used 10350K [0x00000000d6e00000, 0x00000000ddc00000, 0x0000000100000000)
  eden space 56320K, 0% used [0x00000000d6e00000,0x00000000d6e00000,0x00000000da500000)
  from space 15360K, 67% used [0x00000000db380000,0x00000000dbd9b848,0x00000000dc280000)
  to   space 14848K, 0% used [0x00000000da500000,0x00000000da500000,0x00000000db380000)
 ParOldGen       total 68096K, used 21843K [0x0000000084a00000, 0x0000000088c80000, 0x00000000d6e00000)
  object space 68096K, 32% used [0x0000000084a00000,0x0000000085f54e58,0x0000000088c80000)
 Metaspace       used 34805K, capacity 35340K, committed 35496K, reserved 1081344K
  class space    used 4440K, capacity 4602K, committed 4608K, reserved 1048576K
Event: 2.843 GC heap after
Heap after GC invocations=8 (full 2):
 PSYoungGen      total 71680K, used 0K [0x00000000d6e00000, 0x00000000ddc00000, 0x0000000100000000)
  eden space 56320K, 0% used [0x00000000d6e00000,0x00000000d6e00000,0x00000000da500000)
  from space 15360K, 0% used [0x00000000db380000,0x00000000db380000,0x00000000dc280000)
  to   space 14848K, 0% used [0x00000000da500000,0x00000000da500000,0x00000000db380000)
 ParOldGen       total 113664K, used 18280K [0x0000000084a00000, 0x000000008b900000, 0x00000000d6e00000)
  object space 113664K, 16% used [0x0000000084a00000,0x0000000085bda0b8,0x000000008b900000)
 Metaspace       used 34805K, capacity 35340K, committed 35496K, reserved 1081344K
  class space    used 4440K, capacity 4602K, committed 4608K, reserved 1048576K
}
Event: 3.417 GC heap before
{Heap before GC invocations=9 (full 2):
 PSYoungGen      total 71680K, used 56320K [0x00000000d6e00000, 0x00000000ddc00000, 0x0000000100000000)
  eden space 56320K, 100% used [0x00000000d6e00000,0x00000000da500000,0x00000000da500000)
  from space 15360K, 0% used [0x00000000db380000,0x00000000db380000,0x00000000dc280000)
  to   space 14848K, 0% used [0x00000000da500000,0x00000000da500000,0x00000000db380000)
 ParOldGen       total 113664K, used 18280K [0x0000000084a00000, 0x000000008b900000, 0x00000000d6e00000)
  object space 113664K, 16% used [0x0000000084a00000,0x0000000085bda0b8,0x000000008b900000)
 Metaspace       used 38533K, capacity 39134K, committed 39424K, reserved 1083392K
  class space    used 4841K, capacity 5003K, committed 5120K, reserved 1048576K
Event: 3.428 GC heap after
Heap after GC invocations=9 (full 2):
 PSYoungGen      total 71168K, used 10948K [0x00000000d6e00000, 0x00000000dd800000, 0x0000000100000000)
  eden space 56320K, 0% used [0x00000000d6e00000,0x00000000d6e00000,0x00000000da500000)
  from space 14848K, 73% used [0x00000000da500000,0x00000000dafb1048,0x00000000db380000)
  to   space 14848K, 0% used [0x00000000dc980000,0x00000000dc980000,0x00000000dd800000)
 ParOldGen       total 113664K, used 18288K [0x0000000084a00000, 0x000000008b900000, 0x00000000d6e00000)
  object space 113664K, 16% used [0x0000000084a00000,0x0000000085bdc0b8,0x000000008b900000)
 Metaspace       used 38533K, capacity 39134K, committed 39424K, reserved 1083392K
  class space    used 4841K, capacity 5003K, committed 5120K, reserved 1048576K
}
Event: 4.436 GC heap before
{Heap before GC invocations=10 (full 2):
 PSYoungGen      total 71168K, used 67268K [0x00000000d6e00000, 0x00000000dd800000, 0x0000000100000000)
  eden space 56320K, 100% used [0x00000000d6e00000,0x00000000da500000,0x00000000da500000)
  from space 14848K, 73% used [0x00000000da500000,0x00000000dafb1048,0x00000000db380000)
  to   space 14848K, 0% used [0x00000000dc980000,0x00000000dc980000,0x00000000dd800000)
 ParOldGen       total 113664K, used 18288K [0x0000000084a00000, 0x000000008b900000, 0x00000000d6e00000)
  object space 113664K, 16% used [0x0000000084a00000,0x0000000085bdc0b8,0x000000008b900000)
 Metaspace       used 41708K, capacity 42456K, committed 42752K, reserved 1087488K
  class space    used 5093K, capacity 5286K, committed 5376K, reserved 1048576K
Event: 4.473 GC heap after
Heap after GC invocations=10 (full 2):
 PSYoungGen      total 91136K, used 14847K [0x00000000d6e00000, 0x00000000ddd80000, 0x0000000100000000)
  eden space 76288K, 0% used [0x00000000d6e00000,0x00000000d6e00000,0x00000000db880000)
  from space 14848K, 99% used [0x00000000dc980000,0x00000000dd7ffdc8,0x00000000dd800000)
  to   space 17408K, 0% used [0x00000000db880000,0x00000000db880000,0x00000000dc980000)
 ParOldGen       total 113664K, used 20344K [0x0000000084a00000, 0x000000008b900000, 0x00000000d6e00000)
  object space 113664K, 17% used [0x0000000084a00000,0x0000000085dde330,0x000000008b900000)
 Metaspace       used 41708K, capacity 42456K, committed 42752K, reserved 1087488K
  class space    used 5093K, capacity 5286K, committed 5376K, reserved 1048576K
}

